2016-02-21 19:59:44,041 [Worker-1] INFO  o.e.m.c.i.l.LifecycleMappingFactory - Using org.maven.ide.eclipse.wtp.WarLifecycleMapping lifecycle mapping for MavenProject: web:shares:0.0.1-SNAPSHOT @ /Users/danpan/Documents/bitbucket/salesharing/salesServer/shareswebservice/pom.xml.
2016-02-21 19:59:44,043 [Worker-2] INFO  o.e.m.c.i.l.LifecycleMappingFactory - Using org.maven.ide.eclipse.wtp.WarLifecycleMapping lifecycle mapping for MavenProject: web:shares:0.0.1-SNAPSHOT @ /Users/danpan/Documents/bitbucket/salesharing/salesServer/shareswebservice/pom.xml.
2016-02-21 19:59:46,793 [Worker-1] INFO  o.e.m.c.i.embedder.EclipseLogger - Using 'UTF-8' encoding to copy filtered resources.
2016-02-21 19:59:46,799 [Worker-1] INFO  o.e.m.c.i.embedder.EclipseLogger - Copying 0 resource
2016-02-21 19:59:46,803 [Worker-1] INFO  o.e.m.c.i.embedder.EclipseLogger - Using 'UTF-8' encoding to copy filtered resources.
2016-02-21 19:59:46,804 [Worker-1] INFO  o.e.m.c.i.embedder.EclipseLogger - skip non existing resourceDirectory /Users/danpan/Documents/bitbucket/salesharing/salesServer/shareswebservice/src/test/resources
2016-02-21 19:59:49,223 [Worker-11] INFO  o.e.m.c.i.l.LifecycleMappingFactory - Using org.maven.ide.eclipse.wtp.WarLifecycleMapping lifecycle mapping for MavenProject: web:shares:0.0.1-SNAPSHOT @ /Users/danpan/Documents/bitbucket/salesharing/salesServer/shareswebservice/pom.xml.
2016-02-21 19:59:49,245 [Worker-15] INFO  o.e.m.c.i.embedder.EclipseLogger - Using 'UTF-8' encoding to copy filtered resources.
2016-02-21 19:59:49,254 [Worker-15] INFO  o.e.m.c.i.embedder.EclipseLogger - Copying 0 resource
2016-02-21 19:59:49,257 [Worker-15] INFO  o.e.m.c.i.embedder.EclipseLogger - Using 'UTF-8' encoding to copy filtered resources.
2016-02-21 19:59:49,258 [Worker-15] INFO  o.e.m.c.i.embedder.EclipseLogger - skip non existing resourceDirectory /Users/danpan/Documents/bitbucket/salesharing/salesServer/shareswebservice/src/test/resources
2016-02-21 19:59:51,199 [Worker-1] INFO  o.e.m.c.i.embedder.EclipseLogger - Using 'UTF-8' encoding to copy filtered resources.
2016-02-21 19:59:51,201 [Worker-1] INFO  o.e.m.c.i.embedder.EclipseLogger - Copying 0 resource
2016-02-21 19:59:51,202 [Worker-1] INFO  o.e.m.c.i.embedder.EclipseLogger - Using 'UTF-8' encoding to copy filtered resources.
2016-02-21 19:59:51,202 [Worker-1] INFO  o.e.m.c.i.embedder.EclipseLogger - skip non existing resourceDirectory /Users/danpan/Documents/bitbucket/salesharing/salesServer/shareswebservice/src/test/resources
2016-02-21 20:05:21,534 [Worker-8] INFO  o.e.m.c.i.embedder.EclipseLogger - Using 'UTF-8' encoding to copy filtered resources.
2016-02-21 20:05:21,535 [Worker-8] INFO  o.e.m.c.i.embedder.EclipseLogger - Copying 0 resource
2016-02-21 20:05:21,537 [Worker-8] INFO  o.e.m.c.i.embedder.EclipseLogger - Using 'UTF-8' encoding to copy filtered resources.
2016-02-21 20:05:21,538 [Worker-8] INFO  o.e.m.c.i.embedder.EclipseLogger - skip non existing resourceDirectory /Users/danpan/Documents/bitbucket/salesharing/salesServer/shareswebservice/src/test/resources
2016-02-21 20:05:22,602 [Worker-2] INFO  o.e.m.c.i.embedder.EclipseLogger - Using 'UTF-8' encoding to copy filtered resources.
2016-02-21 20:05:22,603 [Worker-2] INFO  o.e.m.c.i.embedder.EclipseLogger - Copying 0 resource
2016-02-21 20:05:22,605 [Worker-2] INFO  o.e.m.c.i.embedder.EclipseLogger - Using 'UTF-8' encoding to copy filtered resources.
2016-02-21 20:05:22,606 [Worker-2] INFO  o.e.m.c.i.embedder.EclipseLogger - skip non existing resourceDirectory /Users/danpan/Documents/bitbucket/salesharing/salesServer/shareswebservice/src/test/resources
2016-02-21 20:07:15,784 [Worker-7] INFO  o.e.m.c.i.embedder.EclipseLogger - Using 'UTF-8' encoding to copy filtered resources.
2016-02-21 20:07:15,785 [Worker-7] INFO  o.e.m.c.i.embedder.EclipseLogger - Copying 0 resource
2016-02-21 20:07:15,787 [Worker-7] INFO  o.e.m.c.i.embedder.EclipseLogger - Using 'UTF-8' encoding to copy filtered resources.
2016-02-21 20:07:15,787 [Worker-7] INFO  o.e.m.c.i.embedder.EclipseLogger - skip non existing resourceDirectory /Users/danpan/Documents/bitbucket/salesharing/salesServer/shareswebservice/src/test/resources
2016-02-21 20:09:08,328 [Worker-5] INFO  o.e.m.c.i.embedder.EclipseLogger - Using 'UTF-8' encoding to copy filtered resources.
2016-02-21 20:09:08,329 [Worker-5] INFO  o.e.m.c.i.embedder.EclipseLogger - Copying 0 resource
2016-02-21 20:09:08,332 [Worker-5] INFO  o.e.m.c.i.embedder.EclipseLogger - Using 'UTF-8' encoding to copy filtered resources.
2016-02-21 20:09:08,333 [Worker-5] INFO  o.e.m.c.i.embedder.EclipseLogger - skip non existing resourceDirectory /Users/danpan/Documents/bitbucket/salesharing/salesServer/shareswebservice/src/test/resources
2016-02-21 20:18:16,466 [Worker-16] INFO  o.e.m.c.i.embedder.EclipseLogger - Using 'UTF-8' encoding to copy filtered resources.
2016-02-21 20:18:16,468 [Worker-16] INFO  o.e.m.c.i.embedder.EclipseLogger - Copying 0 resource
2016-02-21 20:18:16,471 [Worker-16] INFO  o.e.m.c.i.embedder.EclipseLogger - Using 'UTF-8' encoding to copy filtered resources.
2016-02-21 20:18:16,471 [Worker-16] INFO  o.e.m.c.i.embedder.EclipseLogger - skip non existing resourceDirectory /Users/danpan/Documents/bitbucket/salesharing/salesServer/shareswebservice/src/test/resources
2016-02-22 08:51:55,745 [Worker-67] INFO  o.e.m.c.i.embedder.EclipseLogger - Using 'UTF-8' encoding to copy filtered resources.
2016-02-22 08:51:55,747 [Worker-67] INFO  o.e.m.c.i.embedder.EclipseLogger - Copying 0 resource
2016-02-22 08:51:55,749 [Worker-67] INFO  o.e.m.c.i.embedder.EclipseLogger - Using 'UTF-8' encoding to copy filtered resources.
2016-02-22 08:51:55,750 [Worker-67] INFO  o.e.m.c.i.embedder.EclipseLogger - skip non existing resourceDirectory /Users/danpan/Documents/bitbucket/salesharing/salesServer/shareswebservice/src/test/resources
2016-02-22 08:54:52,172 [Worker-69] INFO  o.e.m.c.i.embedder.EclipseLogger - Using 'UTF-8' encoding to copy filtered resources.
2016-02-22 08:54:52,175 [Worker-69] INFO  o.e.m.c.i.embedder.EclipseLogger - Copying 0 resource
2016-02-22 08:54:52,179 [Worker-69] INFO  o.e.m.c.i.embedder.EclipseLogger - Using 'UTF-8' encoding to copy filtered resources.
2016-02-22 08:54:52,179 [Worker-69] INFO  o.e.m.c.i.embedder.EclipseLogger - skip non existing resourceDirectory /Users/danpan/Documents/bitbucket/salesharing/salesServer/shareswebservice/src/test/resources
2016-02-22 08:57:34,680 [Worker-68] INFO  o.e.m.c.i.embedder.EclipseLogger - Using 'UTF-8' encoding to copy filtered resources.
2016-02-22 08:57:34,687 [Worker-68] INFO  o.e.m.c.i.embedder.EclipseLogger - Copying 0 resource
2016-02-22 08:57:34,691 [Worker-68] INFO  o.e.m.c.i.embedder.EclipseLogger - Using 'UTF-8' encoding to copy filtered resources.
2016-02-22 08:57:34,691 [Worker-68] INFO  o.e.m.c.i.embedder.EclipseLogger - skip non existing resourceDirectory /Users/danpan/Documents/bitbucket/salesharing/salesServer/shareswebservice/src/test/resources
2016-02-22 09:00:36,426 [Worker-66] INFO  o.e.m.c.i.embedder.EclipseLogger - Using 'UTF-8' encoding to copy filtered resources.
2016-02-22 09:00:36,429 [Worker-66] INFO  o.e.m.c.i.embedder.EclipseLogger - Copying 0 resource
2016-02-22 09:00:36,431 [Worker-66] INFO  o.e.m.c.i.embedder.EclipseLogger - Using 'UTF-8' encoding to copy filtered resources.
2016-02-22 09:00:36,432 [Worker-66] INFO  o.e.m.c.i.embedder.EclipseLogger - skip non existing resourceDirectory /Users/danpan/Documents/bitbucket/salesharing/salesServer/shareswebservice/src/test/resources
2016-02-22 09:02:14,184 [Worker-60] INFO  o.e.m.c.i.embedder.EclipseLogger - Using 'UTF-8' encoding to copy filtered resources.
2016-02-22 09:02:14,188 [Worker-60] INFO  o.e.m.c.i.embedder.EclipseLogger - Copying 0 resource
2016-02-22 09:02:14,190 [Worker-60] INFO  o.e.m.c.i.embedder.EclipseLogger - Using 'UTF-8' encoding to copy filtered resources.
2016-02-22 09:02:14,190 [Worker-60] INFO  o.e.m.c.i.embedder.EclipseLogger - skip non existing resourceDirectory /Users/danpan/Documents/bitbucket/salesharing/salesServer/shareswebservice/src/test/resources
2016-02-22 09:03:02,325 [Worker-72] INFO  o.e.m.c.i.embedder.EclipseLogger - Using 'UTF-8' encoding to copy filtered resources.
2016-02-22 09:03:02,327 [Worker-72] INFO  o.e.m.c.i.embedder.EclipseLogger - Copying 0 resource
2016-02-22 09:03:02,329 [Worker-72] INFO  o.e.m.c.i.embedder.EclipseLogger - Using 'UTF-8' encoding to copy filtered resources.
2016-02-22 09:03:02,329 [Worker-72] INFO  o.e.m.c.i.embedder.EclipseLogger - skip non existing resourceDirectory /Users/danpan/Documents/bitbucket/salesharing/salesServer/shareswebservice/src/test/resources
2016-02-22 09:05:06,702 [Worker-70] INFO  o.e.m.c.i.embedder.EclipseLogger - Using 'UTF-8' encoding to copy filtered resources.
2016-02-22 09:05:06,703 [Worker-70] INFO  o.e.m.c.i.embedder.EclipseLogger - Copying 0 resource
2016-02-22 09:05:06,704 [Worker-70] INFO  o.e.m.c.i.embedder.EclipseLogger - Using 'UTF-8' encoding to copy filtered resources.
2016-02-22 09:05:06,705 [Worker-70] INFO  o.e.m.c.i.embedder.EclipseLogger - skip non existing resourceDirectory /Users/danpan/Documents/bitbucket/salesharing/salesServer/shareswebservice/src/test/resources
2016-02-22 09:05:14,690 [Worker-73] INFO  o.e.m.c.i.embedder.EclipseLogger - Using 'UTF-8' encoding to copy filtered resources.
2016-02-22 09:05:14,691 [Worker-73] INFO  o.e.m.c.i.embedder.EclipseLogger - Copying 0 resource
2016-02-22 09:05:14,696 [Worker-73] INFO  o.e.m.c.i.embedder.EclipseLogger - Using 'UTF-8' encoding to copy filtered resources.
2016-02-22 09:05:14,696 [Worker-73] INFO  o.e.m.c.i.embedder.EclipseLogger - skip non existing resourceDirectory /Users/danpan/Documents/bitbucket/salesharing/salesServer/shareswebservice/src/test/resources
2016-02-22 09:05:51,368 [Worker-70] INFO  o.e.m.c.i.embedder.EclipseLogger - Using 'UTF-8' encoding to copy filtered resources.
2016-02-22 09:05:51,369 [Worker-70] INFO  o.e.m.c.i.embedder.EclipseLogger - Copying 0 resource
2016-02-22 09:05:51,371 [Worker-70] INFO  o.e.m.c.i.embedder.EclipseLogger - Using 'UTF-8' encoding to copy filtered resources.
2016-02-22 09:05:51,371 [Worker-70] INFO  o.e.m.c.i.embedder.EclipseLogger - skip non existing resourceDirectory /Users/danpan/Documents/bitbucket/salesharing/salesServer/shareswebservice/src/test/resources
2016-02-22 13:13:15,882 [Worker-12] INFO  o.e.m.c.i.l.LifecycleMappingFactory - Using org.maven.ide.eclipse.wtp.WarLifecycleMapping lifecycle mapping for MavenProject: web:shares:0.0.1-SNAPSHOT @ /Users/danpan/Documents/bitbucket/salesharing/salesServer/shareswebservice/pom.xml.
2016-02-22 13:13:20,751 [Worker-12] INFO  o.e.m.c.i.embedder.EclipseLogger - Using 'UTF-8' encoding to copy filtered resources.
2016-02-22 13:13:20,766 [Worker-12] INFO  o.e.m.c.i.embedder.EclipseLogger - Copying 0 resource
2016-02-22 13:13:20,940 [Worker-12] INFO  o.e.m.c.i.embedder.EclipseLogger - Using 'UTF-8' encoding to copy filtered resources.
2016-02-22 13:13:20,946 [Worker-12] INFO  o.e.m.c.i.embedder.EclipseLogger - skip non existing resourceDirectory /Users/danpan/Documents/bitbucket/salesharing/salesServer/shareswebservice/src/test/resources
2016-02-22 13:13:22,606 [Worker-5] INFO  o.e.m.c.i.l.LifecycleMappingFactory - Using org.maven.ide.eclipse.wtp.WarLifecycleMapping lifecycle mapping for MavenProject: web:shares:0.0.1-SNAPSHOT @ /Users/danpan/Documents/bitbucket/salesharing/salesServer/shareswebservice/pom.xml.
2016-02-22 13:13:25,360 [Worker-12] INFO  o.e.m.c.i.embedder.EclipseLogger - Using 'UTF-8' encoding to copy filtered resources.
2016-02-22 13:13:25,367 [Worker-12] INFO  o.e.m.c.i.embedder.EclipseLogger - Copying 0 resource
2016-02-22 13:13:25,370 [Worker-12] INFO  o.e.m.c.i.embedder.EclipseLogger - Using 'UTF-8' encoding to copy filtered resources.
2016-02-22 13:13:25,371 [Worker-12] INFO  o.e.m.c.i.embedder.EclipseLogger - skip non existing resourceDirectory /Users/danpan/Documents/bitbucket/salesharing/salesServer/shareswebservice/src/test/resources
2016-02-22 20:31:03,601 [Worker-200] INFO  o.e.m.c.i.embedder.EclipseLogger - Using 'UTF-8' encoding to copy filtered resources.
2016-02-22 20:31:03,638 [Worker-200] INFO  o.e.m.c.i.embedder.EclipseLogger - Copying 0 resource
2016-02-22 20:31:03,646 [Worker-200] INFO  o.e.m.c.i.embedder.EclipseLogger - Using 'UTF-8' encoding to copy filtered resources.
2016-02-22 20:31:03,647 [Worker-200] INFO  o.e.m.c.i.embedder.EclipseLogger - skip non existing resourceDirectory /Users/danpan/Documents/bitbucket/salesharing/salesServer/shareswebservice/src/test/resources
2016-02-22 20:31:04,722 [Worker-202] INFO  o.e.m.c.i.embedder.EclipseLogger - Using 'UTF-8' encoding to copy filtered resources.
2016-02-22 20:31:04,722 [Worker-202] INFO  o.e.m.c.i.embedder.EclipseLogger - Copying 0 resource
2016-02-22 20:31:04,725 [Worker-202] INFO  o.e.m.c.i.embedder.EclipseLogger - Using 'UTF-8' encoding to copy filtered resources.
2016-02-22 20:31:04,725 [Worker-202] INFO  o.e.m.c.i.embedder.EclipseLogger - skip non existing resourceDirectory /Users/danpan/Documents/bitbucket/salesharing/salesServer/shareswebservice/src/test/resources
2016-02-22 20:32:57,343 [Worker-201] INFO  o.e.m.c.i.embedder.EclipseLogger - Using 'UTF-8' encoding to copy filtered resources.
2016-02-22 20:32:57,345 [Worker-201] INFO  o.e.m.c.i.embedder.EclipseLogger - Copying 0 resource
2016-02-22 20:32:57,347 [Worker-201] INFO  o.e.m.c.i.embedder.EclipseLogger - Using 'UTF-8' encoding to copy filtered resources.
2016-02-22 20:32:57,347 [Worker-201] INFO  o.e.m.c.i.embedder.EclipseLogger - skip non existing resourceDirectory /Users/danpan/Documents/bitbucket/salesharing/salesServer/shareswebservice/src/test/resources
2016-02-22 20:36:10,695 [Worker-198] INFO  o.e.m.c.i.embedder.EclipseLogger - Using 'UTF-8' encoding to copy filtered resources.
2016-02-22 20:36:10,698 [Worker-198] INFO  o.e.m.c.i.embedder.EclipseLogger - Copying 0 resource
2016-02-22 20:36:10,700 [Worker-198] INFO  o.e.m.c.i.embedder.EclipseLogger - Using 'UTF-8' encoding to copy filtered resources.
2016-02-22 20:36:10,700 [Worker-198] INFO  o.e.m.c.i.embedder.EclipseLogger - skip non existing resourceDirectory /Users/danpan/Documents/bitbucket/salesharing/salesServer/shareswebservice/src/test/resources
2016-02-22 20:36:32,998 [Worker-198] INFO  o.e.m.c.i.embedder.EclipseLogger - Using 'UTF-8' encoding to copy filtered resources.
2016-02-22 20:36:32,999 [Worker-198] INFO  o.e.m.c.i.embedder.EclipseLogger - Copying 0 resource
2016-02-22 20:36:33,001 [Worker-198] INFO  o.e.m.c.i.embedder.EclipseLogger - Using 'UTF-8' encoding to copy filtered resources.
2016-02-22 20:36:33,002 [Worker-198] INFO  o.e.m.c.i.embedder.EclipseLogger - skip non existing resourceDirectory /Users/danpan/Documents/bitbucket/salesharing/salesServer/shareswebservice/src/test/resources
2016-02-22 20:37:36,894 [Worker-198] INFO  o.e.m.c.i.embedder.EclipseLogger - Using 'UTF-8' encoding to copy filtered resources.
2016-02-22 20:37:36,896 [Worker-198] INFO  o.e.m.c.i.embedder.EclipseLogger - Copying 0 resource
2016-02-22 20:37:36,898 [Worker-198] INFO  o.e.m.c.i.embedder.EclipseLogger - Using 'UTF-8' encoding to copy filtered resources.
2016-02-22 20:37:36,898 [Worker-198] INFO  o.e.m.c.i.embedder.EclipseLogger - skip non existing resourceDirectory /Users/danpan/Documents/bitbucket/salesharing/salesServer/shareswebservice/src/test/resources
2016-02-22 20:39:32,302 [Worker-202] INFO  o.e.m.c.i.embedder.EclipseLogger - Using 'UTF-8' encoding to copy filtered resources.
2016-02-22 20:39:32,305 [Worker-202] INFO  o.e.m.c.i.embedder.EclipseLogger - Copying 0 resource
2016-02-22 20:39:32,307 [Worker-202] INFO  o.e.m.c.i.embedder.EclipseLogger - Using 'UTF-8' encoding to copy filtered resources.
2016-02-22 20:39:32,307 [Worker-202] INFO  o.e.m.c.i.embedder.EclipseLogger - skip non existing resourceDirectory /Users/danpan/Documents/bitbucket/salesharing/salesServer/shareswebservice/src/test/resources
2016-02-22 22:45:33,792 [Worker-214] INFO  o.e.m.c.i.embedder.EclipseLogger - Using 'UTF-8' encoding to copy filtered resources.
2016-02-22 22:45:33,795 [Worker-214] INFO  o.e.m.c.i.embedder.EclipseLogger - Copying 0 resource
2016-02-22 22:45:33,812 [Worker-214] INFO  o.e.m.c.i.embedder.EclipseLogger - Using 'UTF-8' encoding to copy filtered resources.
2016-02-22 22:45:33,812 [Worker-214] INFO  o.e.m.c.i.embedder.EclipseLogger - skip non existing resourceDirectory /Users/danpan/Documents/bitbucket/salesharing/salesServer/shareswebservice/src/test/resources
2016-02-22 22:46:02,585 [Worker-217] INFO  o.e.m.c.i.embedder.EclipseLogger - Using 'UTF-8' encoding to copy filtered resources.
2016-02-22 22:46:02,586 [Worker-217] INFO  o.e.m.c.i.embedder.EclipseLogger - Copying 0 resource
2016-02-22 22:46:02,589 [Worker-217] INFO  o.e.m.c.i.embedder.EclipseLogger - Using 'UTF-8' encoding to copy filtered resources.
2016-02-22 22:46:02,589 [Worker-217] INFO  o.e.m.c.i.embedder.EclipseLogger - skip non existing resourceDirectory /Users/danpan/Documents/bitbucket/salesharing/salesServer/shareswebservice/src/test/resources
2016-02-22 22:46:27,528 [Worker-215] INFO  o.e.m.c.i.embedder.EclipseLogger - Using 'UTF-8' encoding to copy filtered resources.
2016-02-22 22:46:27,529 [Worker-215] INFO  o.e.m.c.i.embedder.EclipseLogger - Copying 0 resource
2016-02-22 22:46:27,531 [Worker-215] INFO  o.e.m.c.i.embedder.EclipseLogger - Using 'UTF-8' encoding to copy filtered resources.
2016-02-22 22:46:27,532 [Worker-215] INFO  o.e.m.c.i.embedder.EclipseLogger - skip non existing resourceDirectory /Users/danpan/Documents/bitbucket/salesharing/salesServer/shareswebservice/src/test/resources
2016-02-22 22:48:19,376 [Worker-212] INFO  o.e.m.c.i.embedder.EclipseLogger - Using 'UTF-8' encoding to copy filtered resources.
2016-02-22 22:48:19,378 [Worker-212] INFO  o.e.m.c.i.embedder.EclipseLogger - Copying 0 resource
2016-02-22 22:48:19,380 [Worker-212] INFO  o.e.m.c.i.embedder.EclipseLogger - Using 'UTF-8' encoding to copy filtered resources.
2016-02-22 22:48:19,381 [Worker-212] INFO  o.e.m.c.i.embedder.EclipseLogger - skip non existing resourceDirectory /Users/danpan/Documents/bitbucket/salesharing/salesServer/shareswebservice/src/test/resources
2016-02-22 22:49:07,225 [Worker-212] INFO  o.e.m.c.i.embedder.EclipseLogger - Using 'UTF-8' encoding to copy filtered resources.
2016-02-22 22:49:07,228 [Worker-212] INFO  o.e.m.c.i.embedder.EclipseLogger - Copying 0 resource
2016-02-22 22:49:07,230 [Worker-212] INFO  o.e.m.c.i.embedder.EclipseLogger - Using 'UTF-8' encoding to copy filtered resources.
2016-02-22 22:49:07,230 [Worker-212] INFO  o.e.m.c.i.embedder.EclipseLogger - skip non existing resourceDirectory /Users/danpan/Documents/bitbucket/salesharing/salesServer/shareswebservice/src/test/resources
2016-02-22 23:19:43,101 [Worker-219] INFO  o.e.m.c.i.embedder.EclipseLogger - Using 'UTF-8' encoding to copy filtered resources.
2016-02-22 23:19:43,104 [Worker-219] INFO  o.e.m.c.i.embedder.EclipseLogger - Copying 0 resource
2016-02-22 23:19:43,107 [Worker-219] INFO  o.e.m.c.i.embedder.EclipseLogger - Using 'UTF-8' encoding to copy filtered resources.
2016-02-22 23:19:43,107 [Worker-219] INFO  o.e.m.c.i.embedder.EclipseLogger - skip non existing resourceDirectory /Users/danpan/Documents/bitbucket/salesharing/salesServer/shareswebservice/src/test/resources
2016-02-23 00:09:43,668 [Worker-0] INFO  o.e.m.c.i.embedder.EclipseLogger - Using 'UTF-8' encoding to copy filtered resources.
2016-02-23 00:09:43,689 [Worker-0] INFO  o.e.m.c.i.embedder.EclipseLogger - Copying 0 resource
2016-02-23 00:09:43,694 [Worker-0] INFO  o.e.m.c.i.embedder.EclipseLogger - Using 'UTF-8' encoding to copy filtered resources.
2016-02-23 00:09:43,694 [Worker-0] INFO  o.e.m.c.i.embedder.EclipseLogger - skip non existing resourceDirectory /Users/danpan/Documents/bitbucket/salesharing/salesServer/shareswebservice/src/test/resources
2016-02-23 00:09:50,922 [Worker-0] INFO  o.e.m.c.i.embedder.EclipseLogger - Using 'UTF-8' encoding to copy filtered resources.
2016-02-23 00:09:50,926 [Worker-0] INFO  o.e.m.c.i.embedder.EclipseLogger - Copying 0 resource
2016-02-23 00:09:50,928 [Worker-0] INFO  o.e.m.c.i.embedder.EclipseLogger - Using 'UTF-8' encoding to copy filtered resources.
2016-02-23 00:09:50,928 [Worker-0] INFO  o.e.m.c.i.embedder.EclipseLogger - skip non existing resourceDirectory /Users/danpan/Documents/bitbucket/salesharing/salesServer/shareswebservice/src/test/resources
2016-02-23 12:19:01,189 [Worker-0] INFO  o.e.m.c.i.embedder.EclipseLogger - Using 'UTF-8' encoding to copy filtered resources.
2016-02-23 12:19:01,203 [Worker-0] INFO  o.e.m.c.i.embedder.EclipseLogger - Copying 0 resource
2016-02-23 12:19:01,208 [Worker-0] INFO  o.e.m.c.i.embedder.EclipseLogger - Using 'UTF-8' encoding to copy filtered resources.
2016-02-23 12:19:01,209 [Worker-0] INFO  o.e.m.c.i.embedder.EclipseLogger - skip non existing resourceDirectory /Users/danpan/Documents/bitbucket/salesharing/salesServer/shareswebservice/src/test/resources
2016-02-23 12:22:57,470 [Worker-10] INFO  o.e.m.c.i.embedder.EclipseLogger - Using 'UTF-8' encoding to copy filtered resources.
2016-02-23 12:22:57,575 [Worker-10] INFO  o.e.m.c.i.embedder.EclipseLogger - Copying 0 resource
2016-02-23 12:22:57,577 [Worker-10] INFO  o.e.m.c.i.embedder.EclipseLogger - Using 'UTF-8' encoding to copy filtered resources.
2016-02-23 12:22:57,577 [Worker-10] INFO  o.e.m.c.i.embedder.EclipseLogger - skip non existing resourceDirectory /Users/danpan/Documents/bitbucket/salesharing/salesServer/shareswebservice/src/test/resources
2016-02-23 12:24:02,001 [Worker-11] INFO  o.e.m.c.i.embedder.EclipseLogger - Using 'UTF-8' encoding to copy filtered resources.
2016-02-23 12:24:02,004 [Worker-11] INFO  o.e.m.c.i.embedder.EclipseLogger - Copying 0 resource
2016-02-23 12:24:02,006 [Worker-11] INFO  o.e.m.c.i.embedder.EclipseLogger - Using 'UTF-8' encoding to copy filtered resources.
2016-02-23 12:24:02,007 [Worker-11] INFO  o.e.m.c.i.embedder.EclipseLogger - skip non existing resourceDirectory /Users/danpan/Documents/bitbucket/salesharing/salesServer/shareswebservice/src/test/resources
2016-02-23 12:25:13,578 [Worker-10] INFO  o.e.m.c.i.embedder.EclipseLogger - Using 'UTF-8' encoding to copy filtered resources.
2016-02-23 12:25:13,579 [Worker-10] INFO  o.e.m.c.i.embedder.EclipseLogger - Copying 0 resource
2016-02-23 12:25:13,581 [Worker-10] INFO  o.e.m.c.i.embedder.EclipseLogger - Using 'UTF-8' encoding to copy filtered resources.
2016-02-23 12:25:13,581 [Worker-10] INFO  o.e.m.c.i.embedder.EclipseLogger - skip non existing resourceDirectory /Users/danpan/Documents/bitbucket/salesharing/salesServer/shareswebservice/src/test/resources
2016-02-23 12:27:24,865 [Worker-11] INFO  o.e.m.c.i.embedder.EclipseLogger - Using 'UTF-8' encoding to copy filtered resources.
2016-02-23 12:27:24,866 [Worker-11] INFO  o.e.m.c.i.embedder.EclipseLogger - Copying 0 resource
2016-02-23 12:27:24,868 [Worker-11] INFO  o.e.m.c.i.embedder.EclipseLogger - Using 'UTF-8' encoding to copy filtered resources.
2016-02-23 12:27:24,869 [Worker-11] INFO  o.e.m.c.i.embedder.EclipseLogger - skip non existing resourceDirectory /Users/danpan/Documents/bitbucket/salesharing/salesServer/shareswebservice/src/test/resources
2016-02-23 12:29:38,787 [Worker-7] INFO  o.e.m.c.i.embedder.EclipseLogger - Using 'UTF-8' encoding to copy filtered resources.
2016-02-23 12:29:38,788 [Worker-7] INFO  o.e.m.c.i.embedder.EclipseLogger - Copying 0 resource
2016-02-23 12:29:38,791 [Worker-7] INFO  o.e.m.c.i.embedder.EclipseLogger - Using 'UTF-8' encoding to copy filtered resources.
2016-02-23 12:29:38,792 [Worker-7] INFO  o.e.m.c.i.embedder.EclipseLogger - skip non existing resourceDirectory /Users/danpan/Documents/bitbucket/salesharing/salesServer/shareswebservice/src/test/resources
2016-02-23 12:30:49,013 [Worker-12] INFO  o.e.m.c.i.embedder.EclipseLogger - Using 'UTF-8' encoding to copy filtered resources.
2016-02-23 12:30:49,013 [Worker-12] INFO  o.e.m.c.i.embedder.EclipseLogger - Copying 0 resource
2016-02-23 12:30:49,015 [Worker-12] INFO  o.e.m.c.i.embedder.EclipseLogger - Using 'UTF-8' encoding to copy filtered resources.
2016-02-23 12:30:49,016 [Worker-12] INFO  o.e.m.c.i.embedder.EclipseLogger - skip non existing resourceDirectory /Users/danpan/Documents/bitbucket/salesharing/salesServer/shareswebservice/src/test/resources
2016-02-23 12:30:54,059 [Worker-15] INFO  o.e.m.c.i.embedder.EclipseLogger - Using 'UTF-8' encoding to copy filtered resources.
2016-02-23 12:30:54,059 [Worker-15] INFO  o.e.m.c.i.embedder.EclipseLogger - Copying 0 resource
2016-02-23 12:30:54,064 [Worker-15] INFO  o.e.m.c.i.embedder.EclipseLogger - Using 'UTF-8' encoding to copy filtered resources.
2016-02-23 12:30:54,064 [Worker-15] INFO  o.e.m.c.i.embedder.EclipseLogger - skip non existing resourceDirectory /Users/danpan/Documents/bitbucket/salesharing/salesServer/shareswebservice/src/test/resources
2016-02-23 12:32:54,498 [Worker-11] INFO  o.e.m.c.i.embedder.EclipseLogger - Using 'UTF-8' encoding to copy filtered resources.
2016-02-23 12:32:54,499 [Worker-11] INFO  o.e.m.c.i.embedder.EclipseLogger - Copying 0 resource
2016-02-23 12:32:54,501 [Worker-11] INFO  o.e.m.c.i.embedder.EclipseLogger - Using 'UTF-8' encoding to copy filtered resources.
2016-02-23 12:32:54,501 [Worker-11] INFO  o.e.m.c.i.embedder.EclipseLogger - skip non existing resourceDirectory /Users/danpan/Documents/bitbucket/salesharing/salesServer/shareswebservice/src/test/resources
2016-02-23 12:40:17,269 [Worker-21] INFO  o.e.m.c.i.embedder.EclipseLogger - Using 'UTF-8' encoding to copy filtered resources.
2016-02-23 12:40:17,271 [Worker-21] INFO  o.e.m.c.i.embedder.EclipseLogger - Copying 0 resource
2016-02-23 12:40:17,273 [Worker-21] INFO  o.e.m.c.i.embedder.EclipseLogger - Using 'UTF-8' encoding to copy filtered resources.
2016-02-23 12:40:17,273 [Worker-21] INFO  o.e.m.c.i.embedder.EclipseLogger - skip non existing resourceDirectory /Users/danpan/Documents/bitbucket/salesharing/salesServer/shareswebservice/src/test/resources
2016-02-23 12:40:20,808 [Worker-20] INFO  o.e.m.c.i.embedder.EclipseLogger - Using 'UTF-8' encoding to copy filtered resources.
2016-02-23 12:40:20,809 [Worker-20] INFO  o.e.m.c.i.embedder.EclipseLogger - Copying 0 resource
2016-02-23 12:40:20,812 [Worker-20] INFO  o.e.m.c.i.embedder.EclipseLogger - Using 'UTF-8' encoding to copy filtered resources.
2016-02-23 12:40:20,812 [Worker-20] INFO  o.e.m.c.i.embedder.EclipseLogger - skip non existing resourceDirectory /Users/danpan/Documents/bitbucket/salesharing/salesServer/shareswebservice/src/test/resources
2016-02-23 13:00:38,090 [Worker-25] INFO  o.e.m.c.i.embedder.EclipseLogger - Using 'UTF-8' encoding to copy filtered resources.
2016-02-23 13:00:38,094 [Worker-25] INFO  o.e.m.c.i.embedder.EclipseLogger - Copying 0 resource
2016-02-23 13:00:38,097 [Worker-25] INFO  o.e.m.c.i.embedder.EclipseLogger - Using 'UTF-8' encoding to copy filtered resources.
2016-02-23 13:00:38,097 [Worker-25] INFO  o.e.m.c.i.embedder.EclipseLogger - skip non existing resourceDirectory /Users/danpan/Documents/bitbucket/salesharing/salesServer/shareswebservice/src/test/resources
2016-02-23 13:01:15,171 [Worker-25] INFO  o.e.m.c.i.embedder.EclipseLogger - Using 'UTF-8' encoding to copy filtered resources.
2016-02-23 13:01:15,178 [Worker-25] INFO  o.e.m.c.i.embedder.EclipseLogger - Copying 0 resource
2016-02-23 13:01:15,181 [Worker-25] INFO  o.e.m.c.i.embedder.EclipseLogger - Using 'UTF-8' encoding to copy filtered resources.
2016-02-23 13:01:15,181 [Worker-25] INFO  o.e.m.c.i.embedder.EclipseLogger - skip non existing resourceDirectory /Users/danpan/Documents/bitbucket/salesharing/salesServer/shareswebservice/src/test/resources
2016-02-23 14:38:13,817 [Worker-66] INFO  o.e.m.c.i.embedder.EclipseLogger - Using 'UTF-8' encoding to copy filtered resources.
2016-02-23 14:38:13,834 [Worker-66] INFO  o.e.m.c.i.embedder.EclipseLogger - Copying 0 resource
2016-02-23 14:38:13,837 [Worker-66] INFO  o.e.m.c.i.embedder.EclipseLogger - Using 'UTF-8' encoding to copy filtered resources.
2016-02-23 14:38:13,837 [Worker-66] INFO  o.e.m.c.i.embedder.EclipseLogger - skip non existing resourceDirectory /Users/danpan/Documents/bitbucket/salesharing/salesServer/shareswebservice/src/test/resources
2016-02-23 18:19:52,884 [Worker-2] INFO  o.e.m.c.i.embedder.EclipseLogger - Using 'UTF-8' encoding to copy filtered resources.
2016-02-23 18:19:52,898 [Worker-2] INFO  o.e.m.c.i.embedder.EclipseLogger - Copying 0 resource
2016-02-23 18:19:52,901 [Worker-2] INFO  o.e.m.c.i.embedder.EclipseLogger - Using 'UTF-8' encoding to copy filtered resources.
2016-02-23 18:19:52,902 [Worker-2] INFO  o.e.m.c.i.embedder.EclipseLogger - skip non existing resourceDirectory /Users/danpan/Documents/bitbucket/salesharing/salesServer/shareswebservice/src/test/resources
2016-02-23 18:19:58,326 [Worker-39] INFO  o.e.m.c.i.embedder.EclipseLogger - Using 'UTF-8' encoding to copy filtered resources.
2016-02-23 18:19:58,343 [Worker-39] INFO  o.e.m.c.i.embedder.EclipseLogger - Copying 0 resource
2016-02-23 18:19:58,345 [Worker-39] INFO  o.e.m.c.i.embedder.EclipseLogger - Using 'UTF-8' encoding to copy filtered resources.
2016-02-23 18:19:58,345 [Worker-39] INFO  o.e.m.c.i.embedder.EclipseLogger - skip non existing resourceDirectory /Users/danpan/Documents/bitbucket/salesharing/salesServer/shareswebservice/src/test/resources
2016-02-23 18:19:59,590 [Worker-36] INFO  o.e.m.c.i.embedder.EclipseLogger - Using 'UTF-8' encoding to copy filtered resources.
2016-02-23 18:19:59,590 [Worker-36] INFO  o.e.m.c.i.embedder.EclipseLogger - Copying 0 resource
2016-02-23 18:19:59,593 [Worker-36] INFO  o.e.m.c.i.embedder.EclipseLogger - Using 'UTF-8' encoding to copy filtered resources.
2016-02-23 18:19:59,593 [Worker-36] INFO  o.e.m.c.i.embedder.EclipseLogger - skip non existing resourceDirectory /Users/danpan/Documents/bitbucket/salesharing/salesServer/shareswebservice/src/test/resources
2016-02-23 18:20:00,619 [Worker-20] INFO  o.e.m.c.i.embedder.EclipseLogger - Using 'UTF-8' encoding to copy filtered resources.
2016-02-23 18:20:00,619 [Worker-20] INFO  o.e.m.c.i.embedder.EclipseLogger - Copying 0 resource
2016-02-23 18:20:00,623 [Worker-20] INFO  o.e.m.c.i.embedder.EclipseLogger - Using 'UTF-8' encoding to copy filtered resources.
2016-02-23 18:20:00,624 [Worker-20] INFO  o.e.m.c.i.embedder.EclipseLogger - skip non existing resourceDirectory /Users/danpan/Documents/bitbucket/salesharing/salesServer/shareswebservice/src/test/resources
2016-02-23 18:23:33,676 [Worker-2] INFO  o.e.m.c.i.embedder.EclipseLogger - Using 'UTF-8' encoding to copy filtered resources.
2016-02-23 18:23:33,679 [Worker-2] INFO  o.e.m.c.i.embedder.EclipseLogger - Copying 0 resource
2016-02-23 18:23:33,681 [Worker-2] INFO  o.e.m.c.i.embedder.EclipseLogger - Using 'UTF-8' encoding to copy filtered resources.
2016-02-23 18:23:33,681 [Worker-2] INFO  o.e.m.c.i.embedder.EclipseLogger - skip non existing resourceDirectory /Users/danpan/Documents/bitbucket/salesharing/salesServer/shareswebservice/src/test/resources
2016-02-23 18:25:02,614 [Worker-8] INFO  o.e.m.c.i.embedder.EclipseLogger - Using 'UTF-8' encoding to copy filtered resources.
2016-02-23 18:25:02,615 [Worker-8] INFO  o.e.m.c.i.embedder.EclipseLogger - Copying 0 resource
2016-02-23 18:25:02,617 [Worker-8] INFO  o.e.m.c.i.embedder.EclipseLogger - Using 'UTF-8' encoding to copy filtered resources.
2016-02-23 18:25:02,617 [Worker-8] INFO  o.e.m.c.i.embedder.EclipseLogger - skip non existing resourceDirectory /Users/danpan/Documents/bitbucket/salesharing/salesServer/shareswebservice/src/test/resources
2016-02-23 18:26:14,555 [Worker-9] INFO  o.e.m.c.i.embedder.EclipseLogger - Using 'UTF-8' encoding to copy filtered resources.
2016-02-23 18:26:14,556 [Worker-9] INFO  o.e.m.c.i.embedder.EclipseLogger - Copying 0 resource
2016-02-23 18:26:14,558 [Worker-9] INFO  o.e.m.c.i.embedder.EclipseLogger - Using 'UTF-8' encoding to copy filtered resources.
2016-02-23 18:26:14,558 [Worker-9] INFO  o.e.m.c.i.embedder.EclipseLogger - skip non existing resourceDirectory /Users/danpan/Documents/bitbucket/salesharing/salesServer/shareswebservice/src/test/resources
2016-02-23 18:26:57,807 [Worker-8] INFO  o.e.m.c.i.embedder.EclipseLogger - Using 'UTF-8' encoding to copy filtered resources.
2016-02-23 18:26:57,809 [Worker-8] INFO  o.e.m.c.i.embedder.EclipseLogger - Copying 0 resource
2016-02-23 18:26:57,814 [Worker-8] INFO  o.e.m.c.i.embedder.EclipseLogger - Using 'UTF-8' encoding to copy filtered resources.
2016-02-23 18:26:57,814 [Worker-8] INFO  o.e.m.c.i.embedder.EclipseLogger - skip non existing resourceDirectory /Users/danpan/Documents/bitbucket/salesharing/salesServer/shareswebservice/src/test/resources
2016-02-23 18:27:41,914 [Worker-44] INFO  o.e.m.c.i.embedder.EclipseLogger - Using 'UTF-8' encoding to copy filtered resources.
2016-02-23 18:27:41,915 [Worker-44] INFO  o.e.m.c.i.embedder.EclipseLogger - Copying 0 resource
2016-02-23 18:27:41,917 [Worker-44] INFO  o.e.m.c.i.embedder.EclipseLogger - Using 'UTF-8' encoding to copy filtered resources.
2016-02-23 18:27:41,917 [Worker-44] INFO  o.e.m.c.i.embedder.EclipseLogger - skip non existing resourceDirectory /Users/danpan/Documents/bitbucket/salesharing/salesServer/shareswebservice/src/test/resources
2016-02-23 18:27:59,757 [Worker-44] INFO  o.e.m.c.i.embedder.EclipseLogger - Using 'UTF-8' encoding to copy filtered resources.
2016-02-23 18:27:59,757 [Worker-44] INFO  o.e.m.c.i.embedder.EclipseLogger - Copying 0 resource
2016-02-23 18:27:59,759 [Worker-44] INFO  o.e.m.c.i.embedder.EclipseLogger - Using 'UTF-8' encoding to copy filtered resources.
2016-02-23 18:27:59,760 [Worker-44] INFO  o.e.m.c.i.embedder.EclipseLogger - skip non existing resourceDirectory /Users/danpan/Documents/bitbucket/salesharing/salesServer/shareswebservice/src/test/resources
2016-02-23 18:55:48,887 [Worker-45] INFO  o.e.m.c.i.embedder.EclipseLogger - Using 'UTF-8' encoding to copy filtered resources.
2016-02-23 18:55:48,890 [Worker-45] INFO  o.e.m.c.i.embedder.EclipseLogger - Copying 0 resource
2016-02-23 18:55:48,893 [Worker-45] INFO  o.e.m.c.i.embedder.EclipseLogger - Using 'UTF-8' encoding to copy filtered resources.
2016-02-23 18:55:48,893 [Worker-45] INFO  o.e.m.c.i.embedder.EclipseLogger - skip non existing resourceDirectory /Users/danpan/Documents/bitbucket/salesharing/salesServer/shareswebservice/src/test/resources
2016-02-23 18:55:49,927 [Worker-57] INFO  o.e.m.c.i.embedder.EclipseLogger - Using 'UTF-8' encoding to copy filtered resources.
2016-02-23 18:55:49,928 [Worker-57] INFO  o.e.m.c.i.embedder.EclipseLogger - Copying 0 resource
2016-02-23 18:55:49,930 [Worker-57] INFO  o.e.m.c.i.embedder.EclipseLogger - Using 'UTF-8' encoding to copy filtered resources.
2016-02-23 18:55:49,930 [Worker-57] INFO  o.e.m.c.i.embedder.EclipseLogger - skip non existing resourceDirectory /Users/danpan/Documents/bitbucket/salesharing/salesServer/shareswebservice/src/test/resources
2016-02-23 23:09:34,193 [Worker-0] INFO  o.e.m.c.i.embedder.EclipseLogger - Using 'UTF-8' encoding to copy filtered resources.
2016-02-23 23:09:34,218 [Worker-0] INFO  o.e.m.c.i.embedder.EclipseLogger - Copying 0 resource
2016-02-23 23:09:34,222 [Worker-0] INFO  o.e.m.c.i.embedder.EclipseLogger - Using 'UTF-8' encoding to copy filtered resources.
2016-02-23 23:09:34,223 [Worker-0] INFO  o.e.m.c.i.embedder.EclipseLogger - skip non existing resourceDirectory /Users/danpan/Documents/bitbucket/salesharing/salesServer/shareswebservice/src/test/resources
2016-02-23 23:11:03,385 [Worker-26] INFO  o.e.m.c.i.embedder.EclipseLogger - Using 'UTF-8' encoding to copy filtered resources.
2016-02-23 23:11:03,399 [Worker-26] INFO  o.e.m.c.i.embedder.EclipseLogger - Copying 0 resource
2016-02-23 23:11:03,402 [Worker-26] INFO  o.e.m.c.i.embedder.EclipseLogger - Using 'UTF-8' encoding to copy filtered resources.
2016-02-23 23:11:03,402 [Worker-26] INFO  o.e.m.c.i.embedder.EclipseLogger - skip non existing resourceDirectory /Users/danpan/Documents/bitbucket/salesharing/salesServer/shareswebservice/src/test/resources
2016-02-23 23:19:35,465 [Worker-29] INFO  o.e.m.c.i.embedder.EclipseLogger - Using 'UTF-8' encoding to copy filtered resources.
2016-02-23 23:19:35,467 [Worker-29] INFO  o.e.m.c.i.embedder.EclipseLogger - Copying 0 resource
2016-02-23 23:19:35,470 [Worker-29] INFO  o.e.m.c.i.embedder.EclipseLogger - Using 'UTF-8' encoding to copy filtered resources.
2016-02-23 23:19:35,471 [Worker-29] INFO  o.e.m.c.i.embedder.EclipseLogger - skip non existing resourceDirectory /Users/danpan/Documents/bitbucket/salesharing/salesServer/shareswebservice/src/test/resources
2016-02-23 23:21:50,368 [Worker-8] INFO  o.e.m.c.i.embedder.EclipseLogger - Using 'UTF-8' encoding to copy filtered resources.
2016-02-23 23:21:50,370 [Worker-8] INFO  o.e.m.c.i.embedder.EclipseLogger - Copying 0 resource
2016-02-23 23:21:50,372 [Worker-8] INFO  o.e.m.c.i.embedder.EclipseLogger - Using 'UTF-8' encoding to copy filtered resources.
2016-02-23 23:21:50,372 [Worker-8] INFO  o.e.m.c.i.embedder.EclipseLogger - skip non existing resourceDirectory /Users/danpan/Documents/bitbucket/salesharing/salesServer/shareswebservice/src/test/resources
2016-02-23 23:56:22,223 [Worker-40] INFO  o.e.m.c.i.embedder.EclipseLogger - Using 'UTF-8' encoding to copy filtered resources.
2016-02-23 23:56:22,226 [Worker-40] INFO  o.e.m.c.i.embedder.EclipseLogger - Copying 0 resource
2016-02-23 23:56:22,228 [Worker-40] INFO  o.e.m.c.i.embedder.EclipseLogger - Using 'UTF-8' encoding to copy filtered resources.
2016-02-23 23:56:22,229 [Worker-40] INFO  o.e.m.c.i.embedder.EclipseLogger - skip non existing resourceDirectory /Users/danpan/Documents/bitbucket/salesharing/salesServer/shareswebservice/src/test/resources
2016-02-23 23:57:38,110 [Worker-46] INFO  o.e.m.c.i.embedder.EclipseLogger - Using 'UTF-8' encoding to copy filtered resources.
2016-02-23 23:57:38,111 [Worker-46] INFO  o.e.m.c.i.embedder.EclipseLogger - Copying 0 resource
2016-02-23 23:57:38,114 [Worker-46] INFO  o.e.m.c.i.embedder.EclipseLogger - Using 'UTF-8' encoding to copy filtered resources.
2016-02-23 23:57:38,114 [Worker-46] INFO  o.e.m.c.i.embedder.EclipseLogger - skip non existing resourceDirectory /Users/danpan/Documents/bitbucket/salesharing/salesServer/shareswebservice/src/test/resources
2016-02-23 23:58:27,905 [Worker-48] INFO  o.e.m.c.i.embedder.EclipseLogger - Using 'UTF-8' encoding to copy filtered resources.
2016-02-23 23:58:27,907 [Worker-48] INFO  o.e.m.c.i.embedder.EclipseLogger - Copying 0 resource
2016-02-23 23:58:27,912 [Worker-48] INFO  o.e.m.c.i.embedder.EclipseLogger - Using 'UTF-8' encoding to copy filtered resources.
2016-02-23 23:58:27,912 [Worker-48] INFO  o.e.m.c.i.embedder.EclipseLogger - skip non existing resourceDirectory /Users/danpan/Documents/bitbucket/salesharing/salesServer/shareswebservice/src/test/resources
2016-02-24 15:12:48,362 [Worker-0] INFO  o.e.m.c.i.embedder.EclipseLogger - Using 'UTF-8' encoding to copy filtered resources.
2016-02-24 15:12:48,379 [Worker-0] INFO  o.e.m.c.i.embedder.EclipseLogger - Copying 0 resource
2016-02-24 15:12:48,384 [Worker-0] INFO  o.e.m.c.i.embedder.EclipseLogger - Using 'UTF-8' encoding to copy filtered resources.
2016-02-24 15:12:48,385 [Worker-0] INFO  o.e.m.c.i.embedder.EclipseLogger - skip non existing resourceDirectory /Users/danpan/Documents/bitbucket/salesharing/salesServer/shareswebservice/src/test/resources
2016-02-24 15:57:58,975 [Worker-31] INFO  o.e.m.c.i.embedder.EclipseLogger - Using 'UTF-8' encoding to copy filtered resources.
2016-02-24 15:57:58,992 [Worker-31] INFO  o.e.m.c.i.embedder.EclipseLogger - Copying 0 resource
2016-02-24 15:57:58,995 [Worker-31] INFO  o.e.m.c.i.embedder.EclipseLogger - Using 'UTF-8' encoding to copy filtered resources.
2016-02-24 15:57:58,997 [Worker-31] INFO  o.e.m.c.i.embedder.EclipseLogger - skip non existing resourceDirectory /Users/danpan/Documents/bitbucket/salesharing/salesServer/shareswebservice/src/test/resources
2016-02-24 15:59:04,107 [Worker-31] INFO  o.e.m.c.i.embedder.EclipseLogger - Using 'UTF-8' encoding to copy filtered resources.
2016-02-24 15:59:04,146 [Worker-31] INFO  o.e.m.c.i.embedder.EclipseLogger - Copying 0 resource
2016-02-24 15:59:04,147 [Worker-31] INFO  o.e.m.c.i.embedder.EclipseLogger - Using 'UTF-8' encoding to copy filtered resources.
2016-02-24 15:59:04,148 [Worker-31] INFO  o.e.m.c.i.embedder.EclipseLogger - skip non existing resourceDirectory /Users/danpan/Documents/bitbucket/salesharing/salesServer/shareswebservice/src/test/resources
2016-02-24 16:00:02,857 [Worker-34] INFO  o.e.m.c.i.embedder.EclipseLogger - Using 'UTF-8' encoding to copy filtered resources.
2016-02-24 16:00:02,859 [Worker-34] INFO  o.e.m.c.i.embedder.EclipseLogger - Copying 0 resource
2016-02-24 16:00:02,861 [Worker-34] INFO  o.e.m.c.i.embedder.EclipseLogger - Using 'UTF-8' encoding to copy filtered resources.
2016-02-24 16:00:02,862 [Worker-34] INFO  o.e.m.c.i.embedder.EclipseLogger - skip non existing resourceDirectory /Users/danpan/Documents/bitbucket/salesharing/salesServer/shareswebservice/src/test/resources
2016-02-24 16:00:11,832 [Worker-33] INFO  o.e.m.c.i.embedder.EclipseLogger - Using 'UTF-8' encoding to copy filtered resources.
2016-02-24 16:00:11,841 [Worker-33] INFO  o.e.m.c.i.embedder.EclipseLogger - Copying 0 resource
2016-02-24 16:00:11,843 [Worker-33] INFO  o.e.m.c.i.embedder.EclipseLogger - Using 'UTF-8' encoding to copy filtered resources.
2016-02-24 16:00:11,843 [Worker-33] INFO  o.e.m.c.i.embedder.EclipseLogger - skip non existing resourceDirectory /Users/danpan/Documents/bitbucket/salesharing/salesServer/shareswebservice/src/test/resources
2016-02-24 16:03:16,085 [Worker-31] INFO  o.e.m.c.i.embedder.EclipseLogger - Using 'UTF-8' encoding to copy filtered resources.
2016-02-24 16:03:16,086 [Worker-31] INFO  o.e.m.c.i.embedder.EclipseLogger - Copying 0 resource
2016-02-24 16:03:16,088 [Worker-31] INFO  o.e.m.c.i.embedder.EclipseLogger - Using 'UTF-8' encoding to copy filtered resources.
2016-02-24 16:03:16,088 [Worker-31] INFO  o.e.m.c.i.embedder.EclipseLogger - skip non existing resourceDirectory /Users/danpan/Documents/bitbucket/salesharing/salesServer/shareswebservice/src/test/resources
2016-02-24 16:03:27,679 [Worker-34] INFO  o.e.m.c.i.embedder.EclipseLogger - Using 'UTF-8' encoding to copy filtered resources.
2016-02-24 16:03:27,680 [Worker-34] INFO  o.e.m.c.i.embedder.EclipseLogger - Copying 0 resource
2016-02-24 16:03:27,682 [Worker-34] INFO  o.e.m.c.i.embedder.EclipseLogger - Using 'UTF-8' encoding to copy filtered resources.
2016-02-24 16:03:27,682 [Worker-34] INFO  o.e.m.c.i.embedder.EclipseLogger - skip non existing resourceDirectory /Users/danpan/Documents/bitbucket/salesharing/salesServer/shareswebservice/src/test/resources
2016-02-24 16:17:40,009 [Worker-35] INFO  o.e.m.c.i.embedder.EclipseLogger - Using 'UTF-8' encoding to copy filtered resources.
2016-02-24 16:17:40,010 [Worker-35] INFO  o.e.m.c.i.embedder.EclipseLogger - Copying 0 resource
2016-02-24 16:17:40,013 [Worker-35] INFO  o.e.m.c.i.embedder.EclipseLogger - Using 'UTF-8' encoding to copy filtered resources.
2016-02-24 16:17:40,013 [Worker-35] INFO  o.e.m.c.i.embedder.EclipseLogger - skip non existing resourceDirectory /Users/danpan/Documents/bitbucket/salesharing/salesServer/shareswebservice/src/test/resources
2016-02-24 16:21:20,854 [Worker-35] INFO  o.e.m.c.i.embedder.EclipseLogger - Using 'UTF-8' encoding to copy filtered resources.
2016-02-24 16:21:20,855 [Worker-35] INFO  o.e.m.c.i.embedder.EclipseLogger - Copying 0 resource
2016-02-24 16:21:20,859 [Worker-35] INFO  o.e.m.c.i.embedder.EclipseLogger - Using 'UTF-8' encoding to copy filtered resources.
2016-02-24 16:21:20,859 [Worker-35] INFO  o.e.m.c.i.embedder.EclipseLogger - skip non existing resourceDirectory /Users/danpan/Documents/bitbucket/salesharing/salesServer/shareswebservice/src/test/resources
2016-02-24 16:22:14,053 [Worker-37] INFO  o.e.m.c.i.embedder.EclipseLogger - Using 'UTF-8' encoding to copy filtered resources.
2016-02-24 16:22:14,054 [Worker-37] INFO  o.e.m.c.i.embedder.EclipseLogger - Copying 0 resource
2016-02-24 16:22:14,056 [Worker-37] INFO  o.e.m.c.i.embedder.EclipseLogger - Using 'UTF-8' encoding to copy filtered resources.
2016-02-24 16:22:14,057 [Worker-37] INFO  o.e.m.c.i.embedder.EclipseLogger - skip non existing resourceDirectory /Users/danpan/Documents/bitbucket/salesharing/salesServer/shareswebservice/src/test/resources
2016-02-24 16:22:25,398 [Worker-41] INFO  o.e.m.c.i.embedder.EclipseLogger - Using 'UTF-8' encoding to copy filtered resources.
2016-02-24 16:22:25,399 [Worker-41] INFO  o.e.m.c.i.embedder.EclipseLogger - Copying 0 resource
2016-02-24 16:22:25,401 [Worker-41] INFO  o.e.m.c.i.embedder.EclipseLogger - Using 'UTF-8' encoding to copy filtered resources.
2016-02-24 16:22:25,401 [Worker-41] INFO  o.e.m.c.i.embedder.EclipseLogger - skip non existing resourceDirectory /Users/danpan/Documents/bitbucket/salesharing/salesServer/shareswebservice/src/test/resources
2016-02-24 16:22:52,910 [Worker-37] INFO  o.e.m.c.i.embedder.EclipseLogger - Using 'UTF-8' encoding to copy filtered resources.
2016-02-24 16:22:52,911 [Worker-37] INFO  o.e.m.c.i.embedder.EclipseLogger - Copying 0 resource
2016-02-24 16:22:52,913 [Worker-37] INFO  o.e.m.c.i.embedder.EclipseLogger - Using 'UTF-8' encoding to copy filtered resources.
2016-02-24 16:22:52,913 [Worker-37] INFO  o.e.m.c.i.embedder.EclipseLogger - skip non existing resourceDirectory /Users/danpan/Documents/bitbucket/salesharing/salesServer/shareswebservice/src/test/resources
